<?xml version="1.0" encoding="UTF-8"?>
<testsuite xmlns:xsi="http://www.w3.org/2001/XMLSchema-instance" xsi:noNamespaceSchemaLocation="https://maven.apache.org/surefire/maven-surefire-plugin/xsd/surefire-test-report.xsd" name="TestSuite" time="0.818" tests="3" errors="0" skipped="0" failures="0">
  <properties>
[...]
</properties>
  <testcase name="tsetmaven" classname="Playsmartbabe.tesmaven4" time="0.018"/>
  <testcase name="testcase" classname="Playsmartbabe.testmaven2" time="0.002"/>
  <testcase name="testcase3" classname="Playsmartbabe.maventest3" time="0.002"/>
</testsuite>