<?xml version="1.0" encoding="UTF-8"?>
<!-- Generated by org.testng.reporters.JUnitXMLReporter -->
<testsuite hostname="DESKTOP-5FK0QAV" ignored="0" name="Test" tests="3" failures="0" timestamp="22 Dec 2018 07:04:45 GMT" time="0.068" errors="0">
  <testcase name="tsetmaven" time="0.016" classname="Playsmartbabe.tesmaven4"/>
  <testcase name="testcase" time="0.001" classname="Playsmartbabe.testmaven2"/>
  <testcase name="testcase3" time="0.002" classname="Playsmartbabe.maventest3"/>
</testsuite> <!-- Test -->
